<?xml version="1.0" encoding="UTF-8"?>
<!-- Generated by org.testng.reporters.JUnitReportReporter -->
<testsuite hostname="Legion-5" failures="0" tests="1" name="qaautomation.october2021.CommonPageTest" time="16.874" errors="0" timestamp="24 Oct 2021 04:56:44 GMT" skipped="0">
  <testcase classname="qaautomation.october2021.CommonPageTest" name="testNavigateBrowser" time="16.874"/>
</testsuite> <!-- qaautomation.october2021.CommonPageTest -->
