<?xml version="1.0" encoding="UTF-8"?>
<!-- Generated by org.testng.reporters.JUnitReportReporter -->
<testsuite skipped="0" hostname="NDP-LP-21-011" name="qaautomation.october2021.Tugas5APITest" tests="1" failures="0" timestamp="20 Nov 2021 23:03:51 GMT" time="0.190" errors="0">
  <testcase name="fakerTest" time="0.190" classname="qaautomation.october2021.Tugas5APITest"/>
</testsuite> <!-- qaautomation.october2021.Tugas5APITest -->
