<?xml version="1.0" encoding="UTF-8"?>
<!-- Generated by org.testng.reporters.JUnitReportReporter -->
<testsuite skipped="0" hostname="NDP-LP-21-011" name="qaautomation.october2021.SeleniumHeadless" tests="1" failures="0" timestamp="30 Oct 2021 02:46:01 GMT" time="25.706" errors="0">
  <testcase name="testHeadless" time="25.706" classname="qaautomation.october2021.SeleniumHeadless"/>
</testsuite> <!-- qaautomation.october2021.SeleniumHeadless -->
