<?xml version="1.0" encoding="UTF-8"?>
<!-- Generated by org.testng.reporters.JUnitReportReporter -->
<testsuite skipped="0" hostname="NDP-LP-21-011" name="qaautomation.october2021.SeleniumTest" tests="1" failures="0" timestamp="30 Oct 2021 02:56:41 GMT" time="22.864" errors="0">
  <testcase name="test1" time="22.864" classname="qaautomation.october2021.SeleniumTest"/>
</testsuite> <!-- qaautomation.october2021.SeleniumTest -->
