<?xml version="1.0" encoding="UTF-8"?>
<!-- Generated by org.testng.reporters.JUnitReportReporter -->
<testsuite skipped="0" hostname="NDP-LP-21-011" name="qaautomation.october2021.APITest" tests="5" failures="0" timestamp="07 Nov 2021 03:13:40 GMT" time="21.508" errors="0">
  <testcase name="fakerTest" time="2.117" classname="qaautomation.october2021.APITest"/>
  <testcase name="testConfig" time="3.228" classname="qaautomation.october2021.APITest"/>
  <testcase name="testUser" time="8.672" classname="qaautomation.october2021.APITest"/>
  <testcase name="invalidCredTest" time="3.278" classname="qaautomation.october2021.APITest"/>
  <testcase name="testDashboard" time="4.213" classname="qaautomation.october2021.APITest"/>
</testsuite> <!-- qaautomation.october2021.APITest -->
